\BOOKMARK [0][-]{Doc-Start}{Title Page}{}% 1
\BOOKMARK [0][-]{Doc-Start}{Approval Sheet}{}% 2
\BOOKMARK [0][-]{Doc-Start}{Certificate}{}% 3
\BOOKMARK [0][-]{Doc-Start}{Acknowledgment}{}% 4
\BOOKMARK [0][-]{Doc-Start}{Declaration}{}% 5
\BOOKMARK [0][-]{Doc-Start}{Abstract}{}% 6
\BOOKMARK [0][-]{chapter*.2}{List of Tables}{}% 7
\BOOKMARK [0][-]{chapter*.3}{List of Figures}{}% 8
\BOOKMARK [0][-]{chapter.1}{Introduction}{}% 9
\BOOKMARK [1][-]{section.1.1}{Permeability}{chapter.1}% 10
\BOOKMARK [2][-]{subsection.1.1.1}{Factors affecting permeability}{section.1.1}% 11
\BOOKMARK [1][-]{section.1.2}{Porosity}{chapter.1}% 12
\BOOKMARK [1][-]{section.1.3}{Capillarity}{chapter.1}% 13
\BOOKMARK [1][-]{section.1.4}{Objectives Of Thesis}{chapter.1}% 14
\BOOKMARK [1][-]{section.1.5}{Organization Of Thesis}{chapter.1}% 15
\BOOKMARK [0][-]{chapter.2}{Literature Review and Approach}{}% 16
\BOOKMARK [1][-]{section.2.1}{Laboratory Apparatus for Hydraulic Conductivity}{chapter.2}% 17
\BOOKMARK [1][-]{section.2.2}{Review of Literatures on Hydraulic Properties of Soil}{chapter.2}% 18
\BOOKMARK [0][-]{chapter.3}{Experimental Setup}{}% 19
\BOOKMARK [1][-]{section.3.1}{Vertical permeability apparatus}{chapter.3}% 20
\BOOKMARK [1][-]{section.3.2}{Cylindrical horizontal permeability apparatus}{chapter.3}% 21
\BOOKMARK [1][-]{section.3.3}{Rectangular horizontal permeability apparatus}{chapter.3}% 22
\BOOKMARK [0][-]{chapter.4}{Results}{}% 23
\BOOKMARK [1][-]{section.4.1}{Observation : Vertical permeability}{chapter.4}% 24
\BOOKMARK [1][-]{section.4.2}{Observation : Horizontal permeability}{chapter.4}% 25
\BOOKMARK [1][-]{section.4.3}{Inferences}{chapter.4}% 26
\BOOKMARK [0][-]{chapter.5}{Conclusion and Scope for Future works}{}% 27
\BOOKMARK [1][-]{section.5.1}{Conclusions}{chapter.5}% 28
\BOOKMARK [1][-]{section.5.2}{Scope for Future works}{chapter.5}% 29
