This is pdfTeX, Version 3.14159265-2.6-1.40.17 (TeX Live 2016/Debian) (preloaded format=pdflatex 2017.5.29)  1 JUL 2017 15:10
entering extended mode
 restricted \write18 enabled.
 %&-line parsing enabled.
**Thesis.tex
(./Thesis.tex
LaTeX2e <2017/01/01> patch level 3
Babel <3.9r> and hyphenation patterns for 83 language(s) loaded.
(./iterthesis.cls
Document Class: iterthesis 2017/03/31 ITER Thesis Format
Document Class `iterthesis' v0.1 <31 March 2017>
(/usr/share/texlive/texmf-dist/tex/latex/base/report.cls
Document Class: report 2014/09/29 v1.4h Standard LaTeX document class
(/usr/share/texlive/texmf-dist/tex/latex/base/size11.clo
File: size11.clo 2014/09/29 v1.4h Standard LaTeX file (size option)
)
\c@part=\count79
\c@chapter=\count80
\c@section=\count81
\c@subsection=\count82
\c@subsubsection=\count83
\c@paragraph=\count84
\c@subparagraph=\count85
\c@figure=\count86
\c@table=\count87
\abovecaptionskip=\skip41
\belowcaptionskip=\skip42
\bibindent=\dimen102
)
(/usr/share/texlive/texmf-dist/tex/latex/geometry/geometry.sty
Package: geometry 2010/09/12 v5.6 Page Geometry

(/usr/share/texlive/texmf-dist/tex/latex/graphics/keyval.sty
Package: keyval 2014/10/28 v1.15 key=value parser (DPC)
\KV@toks@=\toks14
)
(/usr/share/texlive/texmf-dist/tex/generic/oberdiek/ifpdf.sty
Package: ifpdf 2016/05/14 v3.1 Provides the ifpdf switch
)
(/usr/share/texlive/texmf-dist/tex/generic/oberdiek/ifvtex.sty
Package: ifvtex 2016/05/16 v1.6 Detect VTeX and its facilities (HO)
Package ifvtex Info: VTeX not detected.
)
(/usr/share/texlive/texmf-dist/tex/generic/ifxetex/ifxetex.sty
Package: ifxetex 2010/09/12 v0.6 Provides ifxetex conditional
)
\Gm@cnth=\count88
\Gm@cntv=\count89
\c@Gm@tempcnt=\count90
\Gm@bindingoffset=\dimen103
\Gm@wd@mp=\dimen104
\Gm@odd@mp=\dimen105
\Gm@even@mp=\dimen106
\Gm@layoutwidth=\dimen107
\Gm@layoutheight=\dimen108
\Gm@layouthoffset=\dimen109
\Gm@layoutvoffset=\dimen110
\Gm@dimlist=\toks15
)
(/usr/share/texlive/texmf-dist/tex/latex/fancyhdr/fancyhdr.sty
Package: fancyhdr 2016/09/06 3.8 Extensive control of page headers and footers
\fancy@headwidth=\skip43
\f@ncyO@elh=\skip44
\f@ncyO@erh=\skip45
\f@ncyO@olh=\skip46
\f@ncyO@orh=\skip47
\f@ncyO@elf=\skip48
\f@ncyO@erf=\skip49
\f@ncyO@olf=\skip50
\f@ncyO@orf=\skip51
)
(/usr/share/texlive/texmf-dist/tex/latex/setspace/setspace.sty
Package: setspace 2011/12/19 v6.7a set line spacing
)
(/usr/share/texlive/texmf-dist/tex/latex/titlesec/titlesec.sty
Package: titlesec 2016/03/21 v2.10.2 Sectioning titles
\ttl@box=\box26
\beforetitleunit=\skip52
\aftertitleunit=\skip53
\ttl@plus=\dimen111
\ttl@minus=\dimen112
\ttl@toksa=\toks16
\titlewidth=\dimen113
\titlewidthlast=\dimen114
\titlewidthfirst=\dimen115
)
(/usr/share/texlive/texmf-dist/tex/latex/emptypage/emptypage.sty
Package: emptypage 2010/05/30 v1.2 Suppress page numbers and headings on empty 
pages
))
(/usr/share/texlive/texmf-dist/tex/latex/amsmath/amsmath.sty
Package: amsmath 2016/11/05 v2.16a AMS math features
\@mathmargin=\skip54

For additional information on amsmath, use the `?' option.
(/usr/share/texlive/texmf-dist/tex/latex/amsmath/amstext.sty
Package: amstext 2000/06/29 v2.01 AMS text

(/usr/share/texlive/texmf-dist/tex/latex/amsmath/amsgen.sty
File: amsgen.sty 1999/11/30 v2.0 generic functions
\@emptytoks=\toks17
\ex@=\dimen116
))
(/usr/share/texlive/texmf-dist/tex/latex/amsmath/amsbsy.sty
Package: amsbsy 1999/11/29 v1.2d Bold Symbols
\pmbraise@=\dimen117
)
(/usr/share/texlive/texmf-dist/tex/latex/amsmath/amsopn.sty
Package: amsopn 2016/03/08 v2.02 operator names
)
\inf@bad=\count91
LaTeX Info: Redefining \frac on input line 213.
\uproot@=\count92
\leftroot@=\count93
LaTeX Info: Redefining \overline on input line 375.
\classnum@=\count94
\DOTSCASE@=\count95
LaTeX Info: Redefining \ldots on input line 472.
LaTeX Info: Redefining \dots on input line 475.
LaTeX Info: Redefining \cdots on input line 596.
\Mathstrutbox@=\box27
\strutbox@=\box28
\big@size=\dimen118
LaTeX Font Info:    Redeclaring font encoding OML on input line 712.
LaTeX Font Info:    Redeclaring font encoding OMS on input line 713.
\macc@depth=\count96
\c@MaxMatrixCols=\count97
\dotsspace@=\muskip10
\c@parentequation=\count98
\dspbrk@lvl=\count99
\tag@help=\toks18
\row@=\count100
\column@=\count101
\maxfields@=\count102
\andhelp@=\toks19
\eqnshift@=\dimen119
\alignsep@=\dimen120
\tagshift@=\dimen121
\tagwidth@=\dimen122
\totwidth@=\dimen123
\lineht@=\dimen124
\@envbody=\toks20
\multlinegap=\skip55
\multlinetaggap=\skip56
\mathdisplay@stack=\toks21
LaTeX Info: Redefining \[ on input line 2817.
LaTeX Info: Redefining \] on input line 2818.
)
(/usr/share/texlive/texmf-dist/tex/latex/amsfonts/amssymb.sty
Package: amssymb 2013/01/14 v3.01 AMS font symbols

(/usr/share/texlive/texmf-dist/tex/latex/amsfonts/amsfonts.sty
Package: amsfonts 2013/01/14 v3.01 Basic AMSFonts support
\symAMSa=\mathgroup4
\symAMSb=\mathgroup5
LaTeX Font Info:    Overwriting math alphabet `\mathfrak' in version `bold'
(Font)                  U/euf/m/n --> U/euf/b/n on input line 106.
))
(/usr/share/texlive/texmf-dist/tex/latex/amscls/amsthm.sty
Package: amsthm 2015/03/04 v2.20.2
\thm@style=\toks22
\thm@bodyfont=\toks23
\thm@headfont=\toks24
\thm@notefont=\toks25
\thm@headpunct=\toks26
\thm@preskip=\skip57
\thm@postskip=\skip58
\thm@headsep=\skip59
\dth@everypar=\toks27
)
(/usr/share/texlive/texmf-dist/tex/latex/amsmath/amscd.sty
Package: amscd 1999/11/29 v2.0 AMS Commutatitive Diagrams
\athelp@=\toks28
\minaw@=\dimen125
\bigaw@=\dimen126
\minCDarrowwidth=\dimen127
)
(/usr/share/texlive/texmf-dist/tex/latex/graphics/graphicx.sty
Package: graphicx 2014/10/28 v1.0g Enhanced LaTeX Graphics (DPC,SPQR)

(/usr/share/texlive/texmf-dist/tex/latex/graphics/graphics.sty
Package: graphics 2016/10/09 v1.0u Standard LaTeX Graphics (DPC,SPQR)

(/usr/share/texlive/texmf-dist/tex/latex/graphics/trig.sty
Package: trig 2016/01/03 v1.10 sin cos tan (DPC)
)
(/usr/share/texlive/texmf-dist/tex/latex/graphics-cfg/graphics.cfg
File: graphics.cfg 2016/06/04 v1.11 sample graphics configuration
)
Package graphics Info: Driver file: pdftex.def on input line 99.

(/usr/share/texlive/texmf-dist/tex/latex/graphics-def/pdftex.def
File: pdftex.def 2017/01/12 v0.06k Graphics/color for pdfTeX

(/usr/share/texlive/texmf-dist/tex/generic/oberdiek/infwarerr.sty
Package: infwarerr 2016/05/16 v1.4 Providing info/warning/error messages (HO)
)
(/usr/share/texlive/texmf-dist/tex/generic/oberdiek/ltxcmds.sty
Package: ltxcmds 2016/05/16 v1.23 LaTeX kernel commands for general use (HO)
)
\Gread@gobject=\count103
))
\Gin@req@height=\dimen128
\Gin@req@width=\dimen129
)
(/usr/share/texlive/texmf-dist/tex/latex/subfigure/subfigure.sty
Package: subfigure 2002/03/15 v2.1.5 subfigure package
\subfigtopskip=\skip60
\subfigcapskip=\skip61
\subfigcaptopadj=\dimen130
\subfigbottomskip=\skip62
\subfigcapmargin=\dimen131
\subfiglabelskip=\skip63
\c@subfigure=\count104
\c@lofdepth=\count105
\c@subtable=\count106
\c@lotdepth=\count107

****************************************
* Local config file subfigure.cfg used *
****************************************
(/usr/share/texlive/texmf-dist/tex/latex/subfigure/subfigure.cfg)
\subfig@top=\skip64
\subfig@bottom=\skip65
)
(/usr/share/texlive/texmf-dist/tex/latex/hyphenat/hyphenat.sty
Package: hyphenat 2009/09/02 v2.3c hyphenation utilities
\langwohyphens=\language83
LaTeX Info: Redefining \_ on input line 43.
)
(/usr/share/texlive/texmf-dist/tex/latex/graphics/lscape.sty
Package: lscape 2000/10/22 v3.01 Landscape Pages (DPC)
)
(/usr/share/texlive/texmf-dist/tex/latex/float/float.sty
Package: float 2001/11/08 v1.3d Float enhancements (AL)
\c@float@type=\count108
\float@exts=\toks29
\float@box=\box29
\@float@everytoks=\toks30
\@floatcapt=\box30
)
(/usr/share/texlive/texmf-dist/tex/latex/overpic/overpic.sty
Package: overpic 2010/09/13 v0.53  Overwriting graphics

Package: overpic v0.53 <2010/09/13> (RN)
(/usr/share/texlive/texmf-dist/tex/latex/eepic/epic.sty
Enhancements to Picture Environment. Version 1.2 - Released June 1, 1986
\@@multicnt=\count109
\d@lta=\count110
\@delta=\dimen132
\@@delta=\dimen133
\@gridcnt=\count111
\@joinkind=\count112
\@dotgap=\dimen134
\@ddotgap=\dimen135
\@x@diff=\count113
\@y@diff=\count114
\x@diff=\dimen136
\y@diff=\dimen137
\@dotbox=\box31
\num@segments=\count115
\num@segmentsi=\count116
\@datafile=\read1
)
overpic: relative positioning in percent
) (/usr/share/texlive/texmf-dist/tex/latex/tocbibind/tocbibind.sty
Package: tocbibind 2010/10/13 v1.5k extra ToC listings
Package tocbibind Info: The document has chapter divisions on input line 50.


Package tocbibind Note: Using chapter style headings, unless overridden.

) (/usr/share/texlive/texmf-dist/tex/latex/oberdiek/epstopdf.sty
Package: epstopdf 2016/05/15 v2.6 Conversion with epstopdf on the fly (HO)

(/usr/share/texlive/texmf-dist/tex/latex/oberdiek/epstopdf-base.sty
Package: epstopdf-base 2016/05/15 v2.6 Base part for package epstopdf

(/usr/share/texlive/texmf-dist/tex/latex/oberdiek/grfext.sty
Package: grfext 2016/05/16 v1.2 Manage graphics extensions (HO)

(/usr/share/texlive/texmf-dist/tex/generic/oberdiek/kvdefinekeys.sty
Package: kvdefinekeys 2016/05/16 v1.4 Define keys (HO)
))
(/usr/share/texlive/texmf-dist/tex/latex/oberdiek/kvoptions.sty
Package: kvoptions 2016/05/16 v3.12 Key value format for package options (HO)

(/usr/share/texlive/texmf-dist/tex/generic/oberdiek/kvsetkeys.sty
Package: kvsetkeys 2016/05/16 v1.17 Key value parser (HO)

(/usr/share/texlive/texmf-dist/tex/generic/oberdiek/etexcmds.sty
Package: etexcmds 2016/05/16 v1.6 Avoid name clashes with e-TeX commands (HO)

(/usr/share/texlive/texmf-dist/tex/generic/oberdiek/ifluatex.sty
Package: ifluatex 2016/05/16 v1.4 Provides the ifluatex switch (HO)
Package ifluatex Info: LuaTeX not detected.
)
Package etexcmds Info: Could not find \expanded.
(etexcmds)             That can mean that you are not using pdfTeX 1.50 or
(etexcmds)             that some package has redefined \expanded.
(etexcmds)             In the latter case, load this package earlier.
)))
(/usr/share/texlive/texmf-dist/tex/generic/oberdiek/pdftexcmds.sty
Package: pdftexcmds 2016/05/21 v0.22 Utility functions of pdfTeX for LuaTeX (HO
)
Package pdftexcmds Info: LuaTeX not detected.
Package pdftexcmds Info: \pdf@primitive is available.
Package pdftexcmds Info: \pdf@ifprimitive is available.
Package pdftexcmds Info: \pdfdraftmode found.
)
Package epstopdf-base Info: Redefining graphics rule for `.eps' on input line 4
38.
Package grfext Info: Graphics extension search list:
(grfext)             [.png,.pdf,.jpg,.mps,.jpeg,.jbig2,.jb2,.PNG,.PDF,.JPG,.JPE
G,.JBIG2,.JB2,.eps]
(grfext)             \AppendGraphicsExtensions on input line 456.

(/usr/share/texlive/texmf-dist/tex/latex/latexconfig/epstopdf-sys.cfg
File: epstopdf-sys.cfg 2010/07/13 v1.3 Configuration of (r)epstopdf for TeX Liv
e
)))
(/usr/share/texlive/texmf-dist/tex/latex/wrapfig/wrapfig.sty
\wrapoverhang=\dimen138
\WF@size=\dimen139
\c@WF@wrappedlines=\count117
\WF@box=\box32
\WF@everypar=\toks31
Package: wrapfig 2003/01/31  v 3.6
)
(/usr/share/texlive/texmf-dist/tex/latex/datetime/datetime.sty
Package: datetime 2015/03/20 v2.60 Date Time Package

(/usr/share/texlive/texmf-dist/tex/latex/etoolbox/etoolbox.sty
Package: etoolbox 2017/01/02 v2.4 e-TeX tools for LaTeX (JAW)
\etb@tempcnta=\count118
)
(/usr/share/texlive/texmf-dist/tex/latex/fmtcount/fmtcount.sty
Package: fmtcount 2015/05/05 v3.01

(/usr/share/texlive/texmf-dist/tex/latex/base/ifthen.sty
Package: ifthen 2014/09/29 v1.1c Standard LaTeX ifthen package (DPC)
)
(/usr/share/texlive/texmf-dist/tex/latex/xkeyval/xkeyval.sty
Package: xkeyval 2014/12/03 v2.7a package option processing (HA)

(/usr/share/texlive/texmf-dist/tex/generic/xkeyval/xkeyval.tex
(/usr/share/texlive/texmf-dist/tex/generic/xkeyval/xkvutils.tex
\XKV@toks=\toks32
\XKV@tempa@toks=\toks33
)
\XKV@depth=\count119
File: xkeyval.tex 2014/12/03 v2.7a key=value parser (HA)
))
(/usr/share/texlive/texmf-dist/tex/latex/fmtcount/fcprefix.sty
Package: fcprefix 2012/09/28

(/usr/share/texlive/texmf-dist/tex/latex/fmtcount/fcnumparser.sty
Package: fcnumparser 2012/09/28
\fc@digit@counter=\count120
))
\c@padzeroesN=\count121
\fc@tmpcatcode=\count122
\@DT@modctr=\count123
\@ordinalctr=\count124
\@orgargctr=\count125
\@strctr=\count126
\@tmpstrctr=\count127
\@DT@loopN=\count128
\@DT@X=\count129

(/usr/share/texlive/texmf-dist/tex/latex/fmtcount/fc-english.def
File: fc-english.def 2013/08/17
))
(/usr/share/texlive/texmf-dist/tex/latex/datetime/datetime-defaults.sty
Package: datetime-defaults 2013/09/10
)
\@day=\count130
\@month=\count131
\@year=\count132
\c@HOUR=\count133
\c@HOURXII=\count134
\c@MINUTE=\count135
\c@TOHOUR=\count136
\c@TOMINUTE=\count137
\c@SECOND=\count138
\currenthour=\count139
\currentminute=\count140
\currentsecond=\count141
Package datetime Info: No datetime.cfg file found, using default settings on in
put line 308.
\@dtctr=\count142
\dayofyear=\count143
\dayofweek=\count144
LaTeX Info: Redefining \today on input line 736.
\dt@a=\toks34
\dt@b=\toks35
)
(/usr/share/texlive/texmf-dist/tex/latex/tools/varioref.sty
Package: varioref 2016/02/16 v1.5c package for extended references (FMi)
\c@vrcnt=\count145
)
(/usr/share/texlive/texmf-dist/tex/latex/tools/array.sty
Package: array 2016/10/06 v2.4d Tabular extension package (FMi)
\col@sep=\dimen140
\extrarowheight=\dimen141
\NC@list=\toks36
\extratabsurround=\skip66
\backup@length=\skip67
)
(/usr/share/texlive/texmf-dist/tex/latex/footmisc/footmisc.sty
Package: footmisc 2011/06/06 v5.5b a miscellany of footnote facilities
\FN@temptoken=\toks37
\footnotemargin=\dimen142
\c@pp@next@reset=\count146
Package footmisc Info: Declaring symbol style bringhurst on input line 855.
Package footmisc Info: Declaring symbol style chicago on input line 863.
Package footmisc Info: Declaring symbol style wiley on input line 872.
Package footmisc Info: Declaring symbol style lamport-robust on input line 883.

Package footmisc Info: Declaring symbol style lamport* on input line 903.
Package footmisc Info: Declaring symbol style lamport*-robust on input line 924
.
)
(/usr/share/texlive/texmf-dist/tex/latex/tools/longtable.sty
Package: longtable 2014/10/28 v4.11 Multi-page Table package (DPC)
\LTleft=\skip68
\LTright=\skip69
\LTpre=\skip70
\LTpost=\skip71
\LTchunksize=\count147
\LTcapwidth=\dimen143
\LT@head=\box33
\LT@firsthead=\box34
\LT@foot=\box35
\LT@lastfoot=\box36
\LT@cols=\count148
\LT@rows=\count149
\c@LT@tables=\count150
\c@LT@chunks=\count151
\LT@p@ftn=\toks38
)
(/usr/share/texlive/texmf-dist/tex/latex/graphics/color.sty
Package: color 2016/07/10 v1.1e Standard LaTeX Color (DPC)

(/usr/share/texlive/texmf-dist/tex/latex/graphics-cfg/color.cfg
File: color.cfg 2016/01/02 v1.6 sample color configuration
)
Package color Info: Driver file: pdftex.def on input line 147.

(/usr/share/texlive/texmf-dist/tex/latex/graphics/dvipsnam.def
File: dvipsnam.def 2016/06/17 v3.0m Driver-dependent file (DPC,SPQR)
))
(/usr/share/texlive/texmf-dist/tex/latex/natbib/natbib.sty
Package: natbib 2010/09/13 8.31b (PWD, AO)
\bibhang=\skip72
\bibsep=\skip73
LaTeX Info: Redefining \cite on input line 694.
\c@NAT@ctr=\count152
)
(/usr/share/texlive/texmf-dist/tex/latex/splitbib/splitbib.sty
Package: splitbib 2005/12/22 v1.17 Splits bibliography into categories
\c@NMSB@catlevelone=\count153
\c@NMSB@catleveltwo=\count154
\c@NMSB@catlevel=\count155
\c@SBresetdepth=\count156
\c@NMSB@ent=\count157
\c@NMSB@maxent=\count158
\NMSB@tok=\toks39
\NMSB@longest=\dimen144
\NMSB@reallylongest=\dimen145
\NMSB@currprefixtok=\toks40
\NMSB@currprefixlevelonetok=\toks41
\SBabovesepwidth=\dimen146
\SBbelowsepwidth=\dimen147
)
(/usr/share/texlive/texmf-dist/tex/latex/hyperref/hyperref.sty
Package: hyperref 2016/06/24 v6.83q Hypertext links for LaTeX

(/usr/share/texlive/texmf-dist/tex/generic/oberdiek/hobsub-hyperref.sty
Package: hobsub-hyperref 2016/05/16 v1.14 Bundle oberdiek, subset hyperref (HO)


(/usr/share/texlive/texmf-dist/tex/generic/oberdiek/hobsub-generic.sty
Package: hobsub-generic 2016/05/16 v1.14 Bundle oberdiek, subset generic (HO)
Package: hobsub 2016/05/16 v1.14 Construct package bundles (HO)
Package hobsub Info: Skipping package `infwarerr' (already loaded).
Package hobsub Info: Skipping package `ltxcmds' (already loaded).
Package hobsub Info: Skipping package `ifluatex' (already loaded).
Package hobsub Info: Skipping package `ifvtex' (already loaded).
Package: intcalc 2016/05/16 v1.2 Expandable calculations with integers (HO)
Package hobsub Info: Skipping package `ifpdf' (already loaded).
Package hobsub Info: Skipping package `etexcmds' (already loaded).
Package hobsub Info: Skipping package `kvsetkeys' (already loaded).
Package hobsub Info: Skipping package `kvdefinekeys' (already loaded).
Package hobsub Info: Skipping package `pdftexcmds' (already loaded).
Package: pdfescape 2016/05/16 v1.14 Implements pdfTeX's escape features (HO)
Package: bigintcalc 2016/05/16 v1.4 Expandable calculations on big integers (HO
)
Package: bitset 2016/05/16 v1.2 Handle bit-vector datatype (HO)
Package: uniquecounter 2016/05/16 v1.3 Provide unlimited unique counter (HO)
)
Package hobsub Info: Skipping package `hobsub' (already loaded).
Package: letltxmacro 2016/05/16 v1.5 Let assignment for LaTeX macros (HO)
Package: hopatch 2016/05/16 v1.3 Wrapper for package hooks (HO)
Package: xcolor-patch 2016/05/16 xcolor patch
Package: atveryend 2016/05/16 v1.9 Hooks at the very end of document (HO)
Package: atbegshi 2016/06/09 v1.18 At begin shipout hook (HO)
Package: refcount 2016/05/16 v3.5 Data extraction from label references (HO)
Package: hycolor 2016/05/16 v1.8 Color options for hyperref/bookmark (HO)
)
(/usr/share/texlive/texmf-dist/tex/latex/oberdiek/auxhook.sty
Package: auxhook 2016/05/16 v1.4 Hooks for auxiliary files (HO)
)
\@linkdim=\dimen148
\Hy@linkcounter=\count159
\Hy@pagecounter=\count160

(/usr/share/texlive/texmf-dist/tex/latex/hyperref/pd1enc.def
File: pd1enc.def 2016/06/24 v6.83q Hyperref: PDFDocEncoding definition (HO)
)
\Hy@SavedSpaceFactor=\count161

(/usr/share/texlive/texmf-dist/tex/latex/latexconfig/hyperref.cfg
File: hyperref.cfg 2002/06/06 v1.2 hyperref configuration of TeXLive
)
Package hyperref Info: Option `bookmarks' set `true' on input line 4362.
Package hyperref Info: Option `colorlinks' set `false' on input line 4362.
Package hyperref Info: Hyper figures OFF on input line 4486.
Package hyperref Info: Link nesting OFF on input line 4491.
Package hyperref Info: Hyper index ON on input line 4494.
Package hyperref Info: Plain pages OFF on input line 4501.
Package hyperref Info: Backreferencing OFF on input line 4506.
Package hyperref Info: Implicit mode ON; LaTeX internals redefined.
Package hyperref Info: Bookmarks ON on input line 4735.
\c@Hy@tempcnt=\count162

(/usr/share/texlive/texmf-dist/tex/latex/url/url.sty
\Urlmuskip=\muskip11
Package: url 2013/09/16  ver 3.4  Verb mode for urls, etc.
)
LaTeX Info: Redefining \url on input line 5088.
\XeTeXLinkMargin=\dimen149
\Fld@menulength=\count163
\Field@Width=\dimen150
\Fld@charsize=\dimen151
Package hyperref Info: Hyper figures OFF on input line 6342.
Package hyperref Info: Link nesting OFF on input line 6347.
Package hyperref Info: Hyper index ON on input line 6350.
Package hyperref Info: backreferencing OFF on input line 6357.
Package hyperref Info: Link coloring OFF on input line 6362.
Package hyperref Info: Link coloring with OCG OFF on input line 6367.
Package hyperref Info: PDF/A mode OFF on input line 6372.
LaTeX Info: Redefining \ref on input line 6412.
LaTeX Info: Redefining \pageref on input line 6416.
\Hy@abspage=\count164
\c@Item=\count165
\c@Hfootnote=\count166
)

Package hyperref Message: Driver (autodetected): hpdftex.

(/usr/share/texlive/texmf-dist/tex/latex/hyperref/hpdftex.def
File: hpdftex.def 2016/06/24 v6.83q Hyperref driver for pdfTeX
\Fld@listcount=\count167
\c@bookmark@seq@number=\count168

(/usr/share/texlive/texmf-dist/tex/latex/oberdiek/rerunfilecheck.sty
Package: rerunfilecheck 2016/05/16 v1.8 Rerun checks for auxiliary files (HO)
Package uniquecounter Info: New unique counter `rerunfilecheck' on input line 2
82.
)
\Hy@SectionHShift=\skip74
)
(./Thesis.aux (./Chapters/Chap1/introduction.aux)
(./Chapters/Chap2/litrature.aux) (./Chapters/Chap3/work.aux)
(./Chapters/Chap4/results.aux) (./Chapters/Chap5/scope.aux))
\openout1 = `Thesis.aux'.

LaTeX Font Info:    Checking defaults for OML/cmm/m/it on input line 60.
LaTeX Font Info:    ... okay on input line 60.
LaTeX Font Info:    Checking defaults for T1/cmr/m/n on input line 60.
LaTeX Font Info:    ... okay on input line 60.
LaTeX Font Info:    Checking defaults for OT1/cmr/m/n on input line 60.
LaTeX Font Info:    ... okay on input line 60.
LaTeX Font Info:    Checking defaults for OMS/cmsy/m/n on input line 60.
LaTeX Font Info:    ... okay on input line 60.
LaTeX Font Info:    Checking defaults for OMX/cmex/m/n on input line 60.
LaTeX Font Info:    ... okay on input line 60.
LaTeX Font Info:    Checking defaults for U/cmr/m/n on input line 60.
LaTeX Font Info:    ... okay on input line 60.
LaTeX Font Info:    Checking defaults for PD1/pdf/m/n on input line 60.
LaTeX Font Info:    ... okay on input line 60.

*geometry* driver: auto-detecting
*geometry* detected driver: pdftex
*geometry* verbose mode - [ preamble ] result:
* driver: pdftex
* paper: a4paper
* layout: <same size as paper>
* layoutoffset:(h,v)=(0.0pt,0.0pt)
* modes: 
* h-part:(L,W,R)=(99.58464pt, 426.79135pt, 71.13188pt)
* v-part:(T,H,B)=(71.13188pt, 702.78308pt, 71.13188pt)
* \paperwidth=597.50787pt
* \paperheight=845.04684pt
* \textwidth=426.79135pt
* \textheight=702.78308pt
* \oddsidemargin=27.31465pt
* \evensidemargin=27.31465pt
* \topmargin=-38.1381pt
* \headheight=12.0pt
* \headsep=25.0pt
* \topskip=11.0pt
* \footskip=30.0pt
* \marginparwidth=50.0pt
* \marginparsep=10.0pt
* \columnsep=10.0pt
* \skip\footins=10.0pt plus 4.0pt minus 2.0pt
* \hoffset=0.0pt
* \voffset=0.0pt
* \mag=1000
* \@twocolumnfalse
* \@twosidefalse
* \@mparswitchfalse
* \@reversemarginfalse
* (1in=72.27pt=25.4mm, 1cm=28.453pt)

(/usr/share/texlive/texmf-dist/tex/context/base/mkii/supp-pdf.mkii
[Loading MPS to PDF converter (version 2006.09.02).]
\scratchcounter=\count169
\scratchdimen=\dimen152
\scratchbox=\box37
\nofMPsegments=\count170
\nofMParguments=\count171
\everyMPshowfont=\toks42
\MPscratchCnt=\count172
\MPscratchDim=\dimen153
\MPnumerator=\count173
\makeMPintoPDFobject=\count174
\everyMPtoPDFconversion=\toks43
)
\AtBeginShipoutBox=\box38
Package hyperref Info: Link coloring OFF on input line 60.
 (/usr/share/texlive/texmf-dist/tex/latex/hyperref/nameref.sty
Package: nameref 2016/05/21 v2.44 Cross-referencing by name of section

(/usr/share/texlive/texmf-dist/tex/generic/oberdiek/gettitlestring.sty
Package: gettitlestring 2016/05/16 v1.5 Cleanup title references (HO)
)
\c@section@level=\count175
LaTeX Info: Redefining \Ref on input line 515.
)
LaTeX Info: Redefining \ref on input line 60.
LaTeX Info: Redefining \pageref on input line 60.
LaTeX Info: Redefining \nameref on input line 60.

(./Thesis.out) (./Thesis.out)
\@outlinefile=\write3
\openout3 = `Thesis.out'.

LaTeX Info: Redefining \Ref on input line 60.
 <L1.png, id=119, 789.95125pt x 789.95125pt>
File: L1.png Graphic file (type png)

<use L1.png>
Package pdftex.def Info: L1.png used on input line 62.
(pdftex.def)             Requested size: 118.48756pt x 118.48756pt.
LaTeX Font Info:    Try loading font information for OMS+cmr on input line 62.
 (/usr/share/texlive/texmf-dist/tex/latex/base/omscmr.fd
File: omscmr.fd 2014/09/29 v2.5h Standard LaTeX font definitions
)
LaTeX Font Info:    Font shape `OMS/cmr/m/n' in size <10.95> not available
(Font)              Font shape `OMS/cmsy/m/n' tried instead on input line 62.
 [1

{/var/lib/texmf/fonts/map/pdftex/updmap/pdftex.map} <./L1.png>]
Overfull \hbox (4.81062pt too wide) in paragraph at lines 65--65
[]\OT1/cmr/m/n/10.95 Certified that the the-sis en-ti-tled \OT1/cmr/bx/n/10.95 
De-vel-op-ment Of Cost Ef-fec-tive Soil Per-me-abil-ity
 []


Overfull \hbox (30.88606pt too wide) in paragraph at lines 65--65
[] [] 
 []

pdfTeX warning (ext4): destination with the same identifier (name{page.i}) has 
been already used, duplicate ignored
<to be read again> 
                   \relax 
l.67 \makecertificate
                      [1

]
File: L1.png Graphic file (type png)
 <use L1.png>
Package pdftex.def Info: L1.png used on input line 67.
(pdftex.def)             Requested size: 78.99974pt x 78.99974pt.

Overfull \hbox (19.4333pt too wide) in paragraph at lines 67--67
[][]  [] 
 []

LaTeX Font Info:    Try loading font information for U+msa on input line 67.
(/usr/share/texlive/texmf-dist/tex/latex/amsfonts/umsa.fd
File: umsa.fd 2013/01/14 v3.01 AMS symbols A
)
LaTeX Font Info:    Try loading font information for U+msb on input line 67.

(/usr/share/texlive/texmf-dist/tex/latex/amsfonts/umsb.fd
File: umsb.fd 2013/01/14 v3.01 AMS symbols B
)
Overfull \hbox (22.60735pt too wide) in paragraph at lines 67--67
\OT1/cmr/m/n/10.95 This is to cer-tify that the the-sis en-ti-tled \OT1/cmr/bx/
n/10.95 De-vel-op-ment Of Cost Ef-fec-tive Soil Per-me-abil-ity
 []


Overfull \hbox (0.23792pt too wide) in paragraph at lines 67--67
\OT1/cmr/bx/n/10.95 Test-ing Ap-pa-ra-tus\OT1/cmr/m/n/10.95 , sub-mit-ted by \O
T1/cmr/bx/n/10.95 Shashanka Sekhar Palai\OT1/cmr/m/n/10.95 , to Sik-sha 'O' Anu
-sand-han
 []


Underfull \hbox (badness 10000) in paragraph at lines 67--67

 []

[2

] (./Chapters/acknow.tex) [3] [4

] (./Chapters/abstract.tex
Missing character: There is no â in font cmr10!
Missing character: There is no € in font cmr10!
Missing character: There is no ƒ in font cmr10!
) [5] (./Thesis.toc [6

])
\tf@toc=\write4
\openout4 = `Thesis.toc'.

 [7] (./Thesis.lot)
\tf@lot=\write5
\openout5 = `Thesis.lot'.

 [8

] (./Thesis.lof)
\tf@lof=\write6
\openout6 = `Thesis.lof'.

 [9

]
\openout2 = `./Chapters/Chap1/introduction.aux'.


(./Chapters/Chap1/introduction.tex
Chapter 1.
(./Chapters/Chap1/perm.tex [1


]
Missing character: There is no â in font cmr10!
Missing character: There is no € in font cmr10!
Missing character: There is no ™ in font cmr10!
) (./Chapters/Chap1/fact.tex [2])
(./Chapters/Chap1/poros.tex [3]) (./Chapters/Chap1/capil.tex [4])) [5]
\openout2 = `./Chapters/Chap2/litrature.aux'.


(./Chapters/Chap2/litrature.tex
Chapter 2.
(./Chapters/Chap2/liter.tex (./Chapters/Chap2/cont.tex [6



]
Package epstopdf Info: Source file: <images/darcy.eps>
(epstopdf)                    date: 2017-06-19 18:56:51
(epstopdf)                    size: 136155 bytes
(epstopdf)             Output file: <images/darcy-eps-converted-to.pdf>
(epstopdf)                    date: 2017-06-19 18:56:57
(epstopdf)                    size: 41480 bytes
(epstopdf)             Command: <repstopdf --outfile=images/darcy-eps-converted
-to.pdf images/darcy.eps>
(epstopdf)             \includegraphics on input line 9.
Package epstopdf Info: Output file is already uptodate.

<images/darcy-eps-converted-to.pdf, id=265, 598.235pt x 709.65125pt>
File: images/darcy-eps-converted-to.pdf Graphic file (type pdf)

<use images/darcy-eps-converted-to.pdf>
Package pdftex.def Info: images/darcy-eps-converted-to.pdf used on input line 9
.
(pdftex.def)             Requested size: 298.75264pt x 354.39162pt.
Missing character: There is no â in font cmr10!
Missing character: There is no ˆ in font cmr10!
Missing character: There is no ’ in font cmr10!
) [7 <./images/darcy-eps-converted-to.pdf>] (./Chapters/Chap2/paper.tex
Underfull \hbox (badness 10000) in paragraph at lines 1--3

 []


Overfull \hbox (39.15201pt too wide) in paragraph at lines 4--5
\OT1/cmr/m/n/10.95 liner formed of Ot-tawa sand and sodium ben-tonite. This ma-
te-rial was mixed, moisture-conditioned,
 []


Underfull \hbox (badness 10000) in paragraph at lines 4--5

 []

Missing character: There is no â in font cmr10!
Missing character: There is no ˆ in font cmr10!
Missing character: There is no ’ in font cmr10!
Missing character: There is no â in font cmr10!
Missing character: There is no ˆ in font cmr10!
Missing character: There is no ’ in font cmr10!
Missing character: There is no â in font cmr10!
Missing character: There is no ˆ in font cmr10!
Missing character: There is no ’ in font cmr10!

Underfull \hbox (badness 10000) in paragraph at lines 6--7

 []


Overfull \hbox (11.35838pt too wide) in paragraph at lines 8--9
[]\OT1/cmr/m/n/10.95 Sepulveda et al. [][][]: this work presents a com-par-a-ti
ve study of struc-tural and aero-dy-namic
 []


Underfull \hbox (badness 10000) in paragraph at lines 8--9

 []

[8]
Missing character: There is no â in font cmr10!
Missing character: There is no € in font cmr10!
Missing character: There is no ™ in font cmr10!

Underfull \hbox (badness 10000) in paragraph at lines 10--11

 []


Underfull \hbox (badness 10000) in paragraph at lines 12--13

 []


Underfull \hbox (badness 10000) in paragraph at lines 14--15

 []

[9]))) [10]
\openout2 = `./Chapters/Chap3/work.aux'.

 (./Chapters/Chap3/work.tex
Chapter 3.
(./Chapters/Chap3/vert.tex [11



]
Overfull \hbox (23.13261pt too wide) in paragraph at lines 7--8
[]\OT1/cmr/m/n/10.95 Finally wa-ter col-lec-tion hole is sealed and fixed with 
a pipe to col-lect in-fil-trated/percolated
 []

Package epstopdf Info: Source file: <images/vertical.eps>
(epstopdf)                    date: 2017-06-19 13:32:21
(epstopdf)                    size: 269699 bytes
(epstopdf)             Output file: <images/vertical-eps-converted-to.pdf>
(epstopdf)                    date: 2017-06-19 13:36:10
(epstopdf)                    size: 209669 bytes
(epstopdf)             Command: <repstopdf --outfile=images/vertical-eps-conver
ted-to.pdf images/vertical.eps>
(epstopdf)             \includegraphics on input line 12.
Package epstopdf Info: Output file is already uptodate.
<images/vertical-eps-converted-to.pdf, id=323, 471.7625pt x 654.445pt>
File: images/vertical-eps-converted-to.pdf Graphic file (type pdf)

<use images/vertical-eps-converted-to.pdf>
Package pdftex.def Info: images/vertical-eps-converted-to.pdf used on input lin
e 12.
(pdftex.def)             Requested size: 298.75264pt x 414.44952pt.
) (./Chapters/Chap3/hori.tex [12 <./images/vertical-eps-converted-to.pdf>]
Package epstopdf Info: Source file: <images/horzn1.eps>
(epstopdf)                    date: 2017-06-20 10:08:00
(epstopdf)                    size: 99917 bytes
(epstopdf)             Output file: <images/horzn1-eps-converted-to.pdf>
(epstopdf)                    date: 2017-06-20 10:08:08
(epstopdf)                    size: 54829 bytes
(epstopdf)             Command: <repstopdf --outfile=images/horzn1-eps-converte
d-to.pdf images/horzn1.eps>
(epstopdf)             \includegraphics on input line 16.
Package epstopdf Info: Output file is already uptodate.

<images/horzn1-eps-converted-to.pdf, id=344, 595.22375pt x 469.755pt>
File: images/horzn1-eps-converted-to.pdf Graphic file (type pdf)

<use images/horzn1-eps-converted-to.pdf>
Package pdftex.def Info: images/horzn1-eps-converted-to.pdf used on input line 
16.
(pdftex.def)             Requested size: 298.75264pt x 235.7729pt.
) (./Chapters/Chap3/hori1.tex [13 <./images/horzn1-eps-converted-to.pdf>]
Package epstopdf Info: Source file: <images/horzn2.eps>
(epstopdf)                    date: 2017-06-19 20:36:39
(epstopdf)                    size: 50124 bytes
(epstopdf)             Output file: <images/horzn2-eps-converted-to.pdf>
(epstopdf)                    date: 2017-06-19 20:38:36
(epstopdf)                    size: 23918 bytes
(epstopdf)             Command: <repstopdf --outfile=images/horzn2-eps-converte
d-to.pdf images/horzn2.eps>
(epstopdf)             \includegraphics on input line 7.
Package epstopdf Info: Output file is already uptodate.

<images/horzn2-eps-converted-to.pdf, id=365, 592.2125pt x 469.755pt>
File: images/horzn2-eps-converted-to.pdf Graphic file (type pdf)

<use images/horzn2-eps-converted-to.pdf>
Package pdftex.def Info: images/horzn2-eps-converted-to.pdf used on input line 
7.
(pdftex.def)             Requested size: 298.75264pt x 236.98428pt.
 [14 <./images/horzn2-eps-converted-to.pdf>])) [15]
\openout2 = `./Chapters/Chap4/results.aux'.

 (./Chapters/Chap4/results.tex
Chapter 4.
(./Chapters/Chap4/obser.tex
<Chapters/Chap4/ver_img.jpg, id=389, 1919.17pt x 3340.48pt>
File: Chapters/Chap4/ver_img.jpg Graphic file (type jpg)

<use Chapters/Chap4/ver_img.jpg>
Package pdftex.def Info: Chapters/Chap4/ver_img.jpg used on input line 7.
(pdftex.def)             Requested size: 170.71393pt x 297.11319pt.

<Chapters/Chap4/ver_img1.jpg, id=390, 1999.47pt x 3485.02pt>
File: Chapters/Chap4/ver_img1.jpg Graphic file (type jpg)

<use Chapters/Chap4/ver_img1.jpg>
Package pdftex.def Info: Chapters/Chap4/ver_img1.jpg used on input line 11.
(pdftex.def)             Requested size: 170.71393pt x 297.52562pt.
 [16



 <./Chapters/Chap4/ver_img.jpg> <./Chapters/Chap4/ver_img1.jpg>]
Underfull \hbox (badness 1997) in paragraph at lines 34--34
[]|\OT1/cmr/m/n/10.95 Total weight of bucket + Weight of
 []


Overfull \hbox (4.28664pt too wide) in paragraph at lines 30--39
 [] 
 []

) (./Chapters/Chap4/HP.tex
<Chapters/Chap4/hor1.jpg, id=401, 2906.86pt x 3998.94pt>
File: Chapters/Chap4/hor1.jpg Graphic file (type jpg)

<use Chapters/Chap4/hor1.jpg>
Package pdftex.def Info: Chapters/Chap4/hor1.jpg used on input line 7.
(pdftex.def)             Requested size: 384.1096pt x 528.36208pt.
 [17]
<Chapters/Chap4/hor2.jpg, id=406, 2800.4625pt x 2992.17876pt>
File: Chapters/Chap4/hor2.jpg Graphic file (type jpg)

<use Chapters/Chap4/hor2.jpg>
Package pdftex.def Info: Chapters/Chap4/hor2.jpg used on input line 14.
(pdftex.def)             Requested size: 384.1096pt x 410.36433pt.
 [18 <./Chapters/Chap4/hor1.jpg>]

LaTeX Warning: `h' float specifier changed to `ht'.

)
Package epstopdf Info: Source file: <images/sand.eps>
(epstopdf)                    date: 2017-06-30 09:27:46
(epstopdf)                    size: 55864 bytes
(epstopdf)             Output file: <images/sand-eps-converted-to.pdf>
(epstopdf)                    date: 2017-06-30 09:28:15
(epstopdf)                    size: 12476 bytes
(epstopdf)             Command: <repstopdf --outfile=images/sand-eps-converted-
to.pdf images/sand.eps>
(epstopdf)             \includegraphics on input line 10.
Package epstopdf Info: Output file is already uptodate.
 <images/sand-eps-converted-to.pdf, id=416, 439.6425pt x 242.9075pt>
File: images/sand-eps-converted-to.pdf Graphic file (type pdf)

<use images/sand-eps-converted-to.pdf>
Package pdftex.def Info: images/sand-eps-converted-to.pdf used on input line 10
.
(pdftex.def)             Requested size: 298.75264pt x 165.06741pt.
 [19 <./Chapters/Chap4/hor2.jpg>]
Overfull \hbox (10.16495pt too wide) in paragraph at lines 25--26
\OT1/cmr/m/n/10.95 for val-i-da-tion of ap-pa-ra-tus pre-sented in this re-port
. Both hor-i-zon-tal and ver-ti-cal per-me-abil-ity
 []

) [20 <./images/sand-eps-converted-to.pdf>]
\openout2 = `./Chapters/Chap5/scope.aux'.

 (./Chapters/Chap5/scope.tex
Chapter 5.
[21



]) [22] (./Thesis.bbl
! Argument of \citeauthoryear has an extra }.
<inserted text> 
                \par 
l.8 
    
I've run across a `}' that doesn't seem to match anything.
For example, `\def\a#1{...}' and `\a}' would produce
this error. If you simply proceed now, the `\par' that
I've just inserted will cause me to report a runaway
argument that might be the root of the problem. But if
your `}' was spurious, just type `2' and it will go away.

Runaway argument?
{1952}
! Paragraph ended before \citeauthoryear was complete.
<to be read again> 
                   \par 
l.8 
    
I suspect you've forgotten a `}', causing me to apply this
control sequence to too much text. How can we recover?
My plan is to forget the whole thing and hope for the best.

! Argument of \citeauthoryear has an extra }.
<inserted text> 
                \par 
l.15 
     
I've run across a `}' that doesn't seem to match anything.
For example, `\def\a#1{...}' and `\a}' would produce
this error. If you simply proceed now, the `\par' that
I've just inserted will cause me to report a runaway
argument that might be the root of the problem. But if
your `}' was spurious, just type `2' and it will go away.

Runaway argument?
{2011}
! Paragraph ended before \citeauthoryear was complete.
<to be read again> 
                   \par 
l.15 
     
I suspect you've forgotten a `}', causing me to apply this
control sequence to too much text. How can we recover?
My plan is to forget the whole thing and hope for the best.

! Argument of \citeauthoryear has an extra }.
<inserted text> 
                \par 
l.23 
     
I've run across a `}' that doesn't seem to match anything.
For example, `\def\a#1{...}' and `\a}' would produce
this error. If you simply proceed now, the `\par' that
I've just inserted will cause me to report a runaway
argument that might be the root of the problem. But if
your `}' was spurious, just type `2' and it will go away.

Runaway argument?
{2004}
! Paragraph ended before \citeauthoryear was complete.
<to be read again> 
                   \par 
l.23 
     
I suspect you've forgotten a `}', causing me to apply this
control sequence to too much text. How can we recover?
My plan is to forget the whole thing and hope for the best.

! Argument of \citeauthoryear has an extra }.
<inserted text> 
                \par 
l.30 
     
I've run across a `}' that doesn't seem to match anything.
For example, `\def\a#1{...}' and `\a}' would produce
this error. If you simply proceed now, the `\par' that
I've just inserted will cause me to report a runaway
argument that might be the root of the problem. But if
your `}' was spurious, just type `2' and it will go away.

Runaway argument?
{1998}
! Paragraph ended before \citeauthoryear was complete.
<to be read again> 
                   \par 
l.30 
     
I suspect you've forgotten a `}', causing me to apply this
control sequence to too much text. How can we recover?
My plan is to forget the whole thing and hope for the best.

! Argument of \citeauthoryear has an extra }.
<inserted text> 
                \par 
l.36 
     
I've run across a `}' that doesn't seem to match anything.
For example, `\def\a#1{...}' and `\a}' would produce
this error. If you simply proceed now, the `\par' that
I've just inserted will cause me to report a runaway
argument that might be the root of the problem. But if
your `}' was spurious, just type `2' and it will go away.

Runaway argument?
{1992}
! Paragraph ended before \citeauthoryear was complete.
<to be read again> 
                   \par 
l.36 
     
I suspect you've forgotten a `}', causing me to apply this
control sequence to too much text. How can we recover?
My plan is to forget the whole thing and hope for the best.

! Argument of \citeauthoryear has an extra }.
<inserted text> 
                \par 
l.42 
     
I've run across a `}' that doesn't seem to match anything.
For example, `\def\a#1{...}' and `\a}' would produce
this error. If you simply proceed now, the `\par' that
I've just inserted will cause me to report a runaway
argument that might be the root of the problem. But if
your `}' was spurious, just type `2' and it will go away.

Runaway argument?
{1992}
! Paragraph ended before \citeauthoryear was complete.
<to be read again> 
                   \par 
l.42 
     
I suspect you've forgotten a `}', causing me to apply this
control sequence to too much text. How can we recover?
My plan is to forget the whole thing and hope for the best.

! Argument of \citeauthoryear has an extra }.
<inserted text> 
                \par 
l.49 
     
I've run across a `}' that doesn't seem to match anything.
For example, `\def\a#1{...}' and `\a}' would produce
this error. If you simply proceed now, the `\par' that
I've just inserted will cause me to report a runaway
argument that might be the root of the problem. But if
your `}' was spurious, just type `2' and it will go away.

Runaway argument?
{1997}
! Paragraph ended before \citeauthoryear was complete.
<to be read again> 
                   \par 
l.49 
     
I suspect you've forgotten a `}', causing me to apply this
control sequence to too much text. How can we recover?
My plan is to forget the whole thing and hope for the best.

! Argument of \citeauthoryear has an extra }.
<inserted text> 
                \par 
l.56 
     
I've run across a `}' that doesn't seem to match anything.
For example, `\def\a#1{...}' and `\a}' would produce
this error. If you simply proceed now, the `\par' that
I've just inserted will cause me to report a runaway
argument that might be the root of the problem. But if
your `}' was spurious, just type `2' and it will go away.

Runaway argument?
{2013}
! Paragraph ended before \citeauthoryear was complete.
<to be read again> 
                   \par 
l.56 
     
I suspect you've forgotten a `}', causing me to apply this
control sequence to too much text. How can we recover?
My plan is to forget the whole thing and hope for the best.

! Argument of \citeauthoryear has an extra }.
<inserted text> 
                \par 
l.64 
     
I've run across a `}' that doesn't seem to match anything.
For example, `\def\a#1{...}' and `\a}' would produce
this error. If you simply proceed now, the `\par' that
I've just inserted will cause me to report a runaway
argument that might be the root of the problem. But if
your `}' was spurious, just type `2' and it will go away.

Runaway argument?
{2000}
! Paragraph ended before \citeauthoryear was complete.
<to be read again> 
                   \par 
l.64 
     
I suspect you've forgotten a `}', causing me to apply this
control sequence to too much text. How can we recover?
My plan is to forget the whole thing and hope for the best.

! Argument of \citeauthoryear has an extra }.
<inserted text> 
                \par 
l.69 
     
I've run across a `}' that doesn't seem to match anything.
For example, `\def\a#1{...}' and `\a}' would produce
this error. If you simply proceed now, the `\par' that
I've just inserted will cause me to report a runaway
argument that might be the root of the problem. But if
your `}' was spurious, just type `2' and it will go away.

Runaway argument?
{2002}
! Paragraph ended before \citeauthoryear was complete.
<to be read again> 
                   \par 
l.69 
     
I suspect you've forgotten a `}', causing me to apply this
control sequence to too much text. How can we recover?
My plan is to forget the whole thing and hope for the best.

! Argument of \citeauthoryear has an extra }.
<inserted text> 
                \par 
l.76 
     
I've run across a `}' that doesn't seem to match anything.
For example, `\def\a#1{...}' and `\a}' would produce
this error. If you simply proceed now, the `\par' that
I've just inserted will cause me to report a runaway
argument that might be the root of the problem. But if
your `}' was spurious, just type `2' and it will go away.

Runaway argument?
{1997}
! Paragraph ended before \citeauthoryear was complete.
<to be read again> 
                   \par 
l.76 
     
I suspect you've forgotten a `}', causing me to apply this
control sequence to too much text. How can we recover?
My plan is to forget the whole thing and hope for the best.

! Argument of \citeauthoryear has an extra }.
<inserted text> 
                \par 
l.82 
     
I've run across a `}' that doesn't seem to match anything.
For example, `\def\a#1{...}' and `\a}' would produce
this error. If you simply proceed now, the `\par' that
I've just inserted will cause me to report a runaway
argument that might be the root of the problem. But if
your `}' was spurious, just type `2' and it will go away.

Runaway argument?
{1989}
! Paragraph ended before \citeauthoryear was complete.
<to be read again> 
                   \par 
l.82 
     
I suspect you've forgotten a `}', causing me to apply this
control sequence to too much text. How can we recover?
My plan is to forget the whole thing and hope for the best.

! Argument of \citeauthoryear has an extra }.
<inserted text> 
                \par 
l.89 
     
I've run across a `}' that doesn't seem to match anything.
For example, `\def\a#1{...}' and `\a}' would produce
this error. If you simply proceed now, the `\par' that
I've just inserted will cause me to report a runaway
argument that might be the root of the problem. But if
your `}' was spurious, just type `2' and it will go away.

Runaway argument?
{1987}
! Paragraph ended before \citeauthoryear was complete.
<to be read again> 
                   \par 
l.89 
     
I suspect you've forgotten a `}', causing me to apply this
control sequence to too much text. How can we recover?
My plan is to forget the whole thing and hope for the best.

! Undefined control sequence.
<argument> \NMSB@longestlabel 
                              
l.90 \end{thebibliography}
                          
The control sequence at the end of the top line
of your error message was never \def'ed. If you have
misspelled it (e.g., `\hobx'), type `I' and the correct
spelling (e.g., `I\hbox'). Otherwise just continue,
and I'll forget about whatever was undefined.

! Argument of \citeauthoryear has an extra }.
<inserted text> 
                \par 
l.90 \end{thebibliography}
                          
I've run across a `}' that doesn't seem to match anything.
For example, `\def\a#1{...}' and `\a}' would produce
this error. If you simply proceed now, the `\par' that
I've just inserted will cause me to report a runaway
argument that might be the root of the problem. But if
your `}' was spurious, just type `2' and it will go away.

Runaway argument?
{2011}
! Paragraph ended before \citeauthoryear was complete.
<to be read again> 
                   \par 
l.90 \end{thebibliography}
                          
I suspect you've forgotten a `}', causing me to apply this
control sequence to too much text. How can we recover?
My plan is to forget the whole thing and hope for the best.

! Argument of \citeauthoryear has an extra }.
<inserted text> 
                \par 
l.90 \end{thebibliography}
                          
I've run across a `}' that doesn't seem to match anything.
For example, `\def\a#1{...}' and `\a}' would produce
this error. If you simply proceed now, the `\par' that
I've just inserted will cause me to report a runaway
argument that might be the root of the problem. But if
your `}' was spurious, just type `2' and it will go away.

Runaway argument?
{2004}
! Paragraph ended before \citeauthoryear was complete.
<to be read again> 
                   \par 
l.90 \end{thebibliography}
                          
I suspect you've forgotten a `}', causing me to apply this
control sequence to too much text. How can we recover?
My plan is to forget the whole thing and hope for the best.

! Argument of \citeauthoryear has an extra }.
<inserted text> 
                \par 
l.90 \end{thebibliography}
                          
I've run across a `}' that doesn't seem to match anything.
For example, `\def\a#1{...}' and `\a}' would produce
this error. If you simply proceed now, the `\par' that
I've just inserted will cause me to report a runaway
argument that might be the root of the problem. But if
your `}' was spurious, just type `2' and it will go away.

Runaway argument?
{1998}
! Paragraph ended before \citeauthoryear was complete.
<to be read again> 
                   \par 
l.90 \end{thebibliography}
                          
I suspect you've forgotten a `}', causing me to apply this
control sequence to too much text. How can we recover?
My plan is to forget the whole thing and hope for the best.

! Argument of \citeauthoryear has an extra }.
<inserted text> 
                \par 
l.90 \end{thebibliography}
                          
I've run across a `}' that doesn't seem to match anything.
For example, `\def\a#1{...}' and `\a}' would produce
this error. If you simply proceed now, the `\par' that
I've just inserted will cause me to report a runaway
argument that might be the root of the problem. But if
your `}' was spurious, just type `2' and it will go away.

Runaway argument?
{1992}
! Paragraph ended before \citeauthoryear was complete.
<to be read again> 
                   \par 
l.90 \end{thebibliography}
                          
I suspect you've forgotten a `}', causing me to apply this
control sequence to too much text. How can we recover?
My plan is to forget the whole thing and hope for the best.

! Argument of \citeauthoryear has an extra }.
<inserted text> 
                \par 
l.90 \end{thebibliography}
                          
I've run across a `}' that doesn't seem to match anything.
For example, `\def\a#1{...}' and `\a}' would produce
this error. If you simply proceed now, the `\par' that
I've just inserted will cause me to report a runaway
argument that might be the root of the problem. But if
your `}' was spurious, just type `2' and it will go away.

Runaway argument?
{1992}
! Paragraph ended before \citeauthoryear was complete.
<to be read again> 
                   \par 
l.90 \end{thebibliography}
                          
I suspect you've forgotten a `}', causing me to apply this
control sequence to too much text. How can we recover?
My plan is to forget the whole thing and hope for the best.

! Argument of \citeauthoryear has an extra }.
<inserted text> 
                \par 
l.90 \end{thebibliography}
                          
I've run across a `}' that doesn't seem to match anything.
For example, `\def\a#1{...}' and `\a}' would produce
this error. If you simply proceed now, the `\par' that
I've just inserted will cause me to report a runaway
argument that might be the root of the problem. But if
your `}' was spurious, just type `2' and it will go away.

Runaway argument?
{1997}
! Paragraph ended before \citeauthoryear was complete.
<to be read again> 
                   \par 
l.90 \end{thebibliography}
                          
I suspect you've forgotten a `}', causing me to apply this
control sequence to too much text. How can we recover?
My plan is to forget the whole thing and hope for the best.

! Argument of \citeauthoryear has an extra }.
<inserted text> 
                \par 
l.90 \end{thebibliography}
                          
I've run across a `}' that doesn't seem to match anything.
For example, `\def\a#1{...}' and `\a}' would produce
this error. If you simply proceed now, the `\par' that
I've just inserted will cause me to report a runaway
argument that might be the root of the problem. But if
your `}' was spurious, just type `2' and it will go away.

Runaway argument?
{2013}
! Paragraph ended before \citeauthoryear was complete.
<to be read again> 
                   \par 
l.90 \end{thebibliography}
                          
I suspect you've forgotten a `}', causing me to apply this
control sequence to too much text. How can we recover?
My plan is to forget the whole thing and hope for the best.

! Argument of \citeauthoryear has an extra }.
<inserted text> 
                \par 
l.90 \end{thebibliography}
                          
I've run across a `}' that doesn't seem to match anything.
For example, `\def\a#1{...}' and `\a}' would produce
this error. If you simply proceed now, the `\par' that
I've just inserted will cause me to report a runaway
argument that might be the root of the problem. But if
your `}' was spurious, just type `2' and it will go away.

Runaway argument?
{2000}
! Paragraph ended before \citeauthoryear was complete.
<to be read again> 
                   \par 
l.90 \end{thebibliography}
                          
I suspect you've forgotten a `}', causing me to apply this
control sequence to too much text. How can we recover?
My plan is to forget the whole thing and hope for the best.

[23


]
! Argument of \citeauthoryear has an extra }.
<inserted text> 
                \par 
l.90 \end{thebibliography}
                          
I've run across a `}' that doesn't seem to match anything.
For example, `\def\a#1{...}' and `\a}' would produce
this error. If you simply proceed now, the `\par' that
I've just inserted will cause me to report a runaway
argument that might be the root of the problem. But if
your `}' was spurious, just type `2' and it will go away.

Runaway argument?
{2002}
! Paragraph ended before \citeauthoryear was complete.
<to be read again> 
                   \par 
l.90 \end{thebibliography}
                          
I suspect you've forgotten a `}', causing me to apply this
control sequence to too much text. How can we recover?
My plan is to forget the whole thing and hope for the best.

! Argument of \citeauthoryear has an extra }.
<inserted text> 
                \par 
l.90 \end{thebibliography}
                          
I've run across a `}' that doesn't seem to match anything.
For example, `\def\a#1{...}' and `\a}' would produce
this error. If you simply proceed now, the `\par' that
I've just inserted will cause me to report a runaway
argument that might be the root of the problem. But if
your `}' was spurious, just type `2' and it will go away.

Runaway argument?
{1997}
! Paragraph ended before \citeauthoryear was complete.
<to be read again> 
                   \par 
l.90 \end{thebibliography}
                          
I suspect you've forgotten a `}', causing me to apply this
control sequence to too much text. How can we recover?
My plan is to forget the whole thing and hope for the best.

! Argument of \citeauthoryear has an extra }.
<inserted text> 
                \par 
l.90 \end{thebibliography}
                          
I've run across a `}' that doesn't seem to match anything.
For example, `\def\a#1{...}' and `\a}' would produce
this error. If you simply proceed now, the `\par' that
I've just inserted will cause me to report a runaway
argument that might be the root of the problem. But if
your `}' was spurious, just type `2' and it will go away.

Runaway argument?
{1989}
! Paragraph ended before \citeauthoryear was complete.
<to be read again> 
                   \par 
l.90 \end{thebibliography}
                          
I suspect you've forgotten a `}', causing me to apply this
control sequence to too much text. How can we recover?
My plan is to forget the whole thing and hope for the best.


Overfull \hbox (4.94531pt too wide) in paragraph at lines 90--90
[]\OT1/cmr/m/n/10.95 Uppot, J. O. and R. Stephen-son (1989).  Per-me-abil-ity o
f clays un-der or-ganic per-me-ants.
 []

! Argument of \citeauthoryear has an extra }.
<inserted text> 
                \par 
l.90 \end{thebibliography}
                          
I've run across a `}' that doesn't seem to match anything.
For example, `\def\a#1{...}' and `\a}' would produce
this error. If you simply proceed now, the `\par' that
I've just inserted will cause me to report a runaway
argument that might be the root of the problem. But if
your `}' was spurious, just type `2' and it will go away.

Runaway argument?
{1952}
! Paragraph ended before \citeauthoryear was complete.
<to be read again> 
                   \par 
l.90 \end{thebibliography}
                          
I suspect you've forgotten a `}', causing me to apply this
control sequence to too much text. How can we recover?
My plan is to forget the whole thing and hope for the best.

! Argument of \citeauthoryear has an extra }.
<inserted text> 
                \par 
l.90 \end{thebibliography}
                          
I've run across a `}' that doesn't seem to match anything.
For example, `\def\a#1{...}' and `\a}' would produce
this error. If you simply proceed now, the `\par' that
I've just inserted will cause me to report a runaway
argument that might be the root of the problem. But if
your `}' was spurious, just type `2' and it will go away.

Runaway argument?
{1987}
! Paragraph ended before \citeauthoryear was complete.
<to be read again> 
                   \par 
l.90 \end{thebibliography}
                          
I suspect you've forgotten a `}', causing me to apply this
control sequence to too much text. How can we recover?
My plan is to forget the whole thing and hope for the best.

)
Package atveryend Info: Empty hook `BeforeClearDocument' on input line 98.
 [24]
Package atveryend Info: Empty hook `AfterLastShipout' on input line 98.
 (./Thesis.aux (./Chapters/Chap1/introduction.aux)
(./Chapters/Chap2/litrature.aux) (./Chapters/Chap3/work.aux)
(./Chapters/Chap4/results.aux) (./Chapters/Chap5/scope.aux)

Package natbib Warning: Citation(s) may have changed.
(natbib)                Rerun to get citations correct.

)
Package atveryend Info: Executing hook `AtVeryEndDocument' on input line 98.
Package atveryend Info: Executing hook `AtEndAfterFileList' on input line 98.


Package rerunfilecheck Warning: File `Thesis.out' has changed.
(rerunfilecheck)                Rerun to get outlines right
(rerunfilecheck)                or use package `bookmark'.

Package rerunfilecheck Info: Checksums for `Thesis.out':
(rerunfilecheck)             Before: B2B2BD450B93663BDAE55E0EC811FF7B;1909
(rerunfilecheck)             After:  610A00256A2FDDF1D82E7B9C0BC428FD;1860.
 ) 
Here is how much of TeX's memory you used:
 10148 strings out of 493013
 144529 string characters out of 6135682
 273291 words of memory out of 5000000
 13272 multiletter control sequences out of 15000+600000
 15219 words of font info for 57 fonts, out of 8000000 for 9000
 1141 hyphenation exceptions out of 8191
 42i,12n,61p,1675b,506s stack positions out of 5000i,500n,10000p,200000b,80000s
</usr/share/texlive/texmf-dist/fonts/type1/public/amsfonts/cm/cmbx10.pfb></us
r/share/texlive/texmf-dist/fonts/type1/public/amsfonts/cm/cmbx12.pfb></usr/shar
e/texlive/texmf-dist/fonts/type1/public/amsfonts/cm/cmmi10.pfb></usr/share/texl
ive/texmf-dist/fonts/type1/public/amsfonts/cm/cmmi8.pfb></usr/share/texlive/tex
mf-dist/fonts/type1/public/amsfonts/cm/cmr10.pfb></usr/share/texlive/texmf-dist
/fonts/type1/public/amsfonts/cm/cmr12.pfb></usr/share/texlive/texmf-dist/fonts/
type1/public/amsfonts/cm/cmr8.pfb></usr/share/texlive/texmf-dist/fonts/type1/pu
blic/amsfonts/cm/cmsy10.pfb></usr/share/texlive/texmf-dist/fonts/type1/public/a
msfonts/cm/cmsy8.pfb></usr/share/texlive/texmf-dist/fonts/type1/public/amsfonts
/cm/cmti10.pfb></usr/share/texlive/texmf-dist/fonts/type1/public/amsfonts/cm/cm
ti12.pfb>
Output written on Thesis.pdf (34 pages, 11094683 bytes).
PDF statistics:
 513 PDF objects out of 1000 (max. 8388607)
 413 compressed objects within 5 object streams
 94 named destinations out of 1000 (max. 500000)
 291 words of extra memory for PDF output out of 10000 (max. 10000000)

